<?xml version="1.0" encoding="UTF-8"?>
<!-- Generated by org.testng.reporters.JUnitReportReporter -->
<testsuite hostname="LAPTOP-KOS4MB62" failures="0" tests="4" name="PaymentAutomationTest.myAccountLoginTest" time="54.013" errors="0" timestamp="2022-02-03T14:34:31 IST" skipped="1">
  <testcase classname="PaymentAutomationTest.myAccountLoginTest" name="LoginTest" time="24.505"/>
  <system-out/>
  <testcase classname="PaymentAutomationTest.myAccountLoginTest" name="AddItem" time="19.561"/>
  <system-out>
    <![CDATA[Element is present]]>
  </system-out>
  <testcase classname="PaymentAutomationTest.myAccountLoginTest" name="verifyCheckoutAndUpiPayment" time="9.947"/>
  <system-out>
    <![CDATA[Element is present]]>
  </system-out>
  <testcase classname="PaymentAutomationTest.myAccountLoginTest" name="verifyCheckoutAndCardPayment">
    <skipped/>
  </testcase> <!-- verifyCheckoutAndCardPayment -->
  <system-out/>
</testsuite> <!-- PaymentAutomationTest.myAccountLoginTest -->
