<?xml version="1.0" encoding="UTF-8"?>
<!-- Generated by org.testng.reporters.JUnitReportReporter -->
<testsuite hostname="LAPTOP-KOS4MB62" failures="0" tests="4" name="PaymentAutomationTest.myAccountLoginTest" time="47.241" errors="0" timestamp="2022-02-07T09:50:17 IST" skipped="1">
  <testcase classname="PaymentAutomationTest.myAccountLoginTest" name="LoginTest" time="21.783"/>
  <system-out/>
  <testcase classname="PaymentAutomationTest.myAccountLoginTest" name="AddItem" time="17.332"/>
  <system-out>
    <![CDATA[Element is present]]>
  </system-out>
  <testcase classname="PaymentAutomationTest.myAccountLoginTest" name="verifyCheckoutAndUpiPayment" time="8.126"/>
  <system-out>
    <![CDATA[Element is present]]>
  </system-out>
  <testcase classname="PaymentAutomationTest.myAccountLoginTest" name="verifyCheckoutAndCardPayment">
    <skipped/>
  </testcase> <!-- verifyCheckoutAndCardPayment -->
  <system-out/>
</testsuite> <!-- PaymentAutomationTest.myAccountLoginTest -->
