<?xml version="1.0" encoding="UTF-8"?>
<!-- Generated by org.testng.reporters.JUnitReportReporter -->
<testsuite hostname="LAPTOP-KOS4MB62" failures="0" tests="1" name="test.test.test" time="0.007" errors="0" timestamp="2022-02-03T12:06:32 IST" skipped="0">
  <testcase classname="test.test.test" name="start" time="0.007"/>
  <system-out/>
</testsuite> <!-- test.test.test -->
